# JRE version: Java(TM) SE Runtime Environment (7.0_51-b13) (build 1.7.0_51-b13)
# Java VM: Java HotSpot(TM) 64-Bit Server VM (24.51-b03 mixed mode linux-amd64 compressed oops)
Heap
 PSYoungGen      total 480256K, used 153504K [0x00000007d6d00000, 0x00000007f8500000, 0x0000000800000000)
  eden space 466944K, 30% used [0x00000007d6d00000,0x00000007df5eb288,0x00000007f3500000)
  from space 13312K, 99% used [0x00000007f7800000,0x00000007f84fcfc8,0x00000007f8500000)
  to   space 37376K, 0% used [0x00000007f3c00000,0x00000007f3c00000,0x00000007f6080000)
 ParOldGen       total 83968K, used 59944K [0x0000000784800000, 0x0000000789a00000, 0x00000007d6d00000)
  object space 83968K, 71% used [0x0000000784800000,0x000000078828a1c8,0x0000000789a00000)
 PSPermGen       total 56832K, used 56572K [0x000000077f600000, 0x0000000782d80000, 0x0000000784800000)
  object space 56832K, 99% used [0x000000077f600000,0x0000000782d3f200,0x0000000782d80000)
GC Heap History (10 events):
Event: 5.276 GC heap before
{Heap before GC invocations=6 (full 0):
 PSYoungGen      total 134144K, used 134126K [0x00000007d6d00000, 0x00000007e8200000, 0x0000000800000000)
  eden space 129024K, 100% used [0x00000007d6d00000,0x00000007deb00000,0x00000007deb00000)
  from space 5120K, 99% used [0x00000007deb00000,0x00000007deffbb88,0x00000007df000000)
  to   space 12800K, 0% used [0x00000007e7580000,0x00000007e7580000,0x00000007e8200000)
 ParOldGen       total 83968K, used 12749K [0x0000000784800000, 0x0000000789a00000, 0x00000007d6d00000)
  object space 83968K, 15% used [0x0000000784800000,0x00000007854736a8,0x0000000789a00000)
 PSPermGen       total 23552K, used 23174K [0x000000077f600000, 0x0000000780d00000, 0x0000000784800000)
  object space 23552K, 98% used [0x000000077f600000,0x0000000780ca19b0,0x0000000780d00000)
Event: 5.288 GC heap after
Heap after GC invocations=6 (full 0):
 PSYoungGen      total 270336K, used 9575K [0x00000007d6d00000, 0x00000007e8300000, 0x0000000800000000)
  eden space 257536K, 0% used [0x00000007d6d00000,0x00000007d6d00000,0x00000007e6880000)
  from space 12800K, 74% used [0x00000007e7580000,0x00000007e7ed9f58,0x00000007e8200000)
  to   space 13312K, 0% used [0x00000007e6880000,0x00000007e6880000,0x00000007e7580000)
 ParOldGen       total 83968K, used 12757K [0x0000000784800000, 0x0000000789a00000, 0x00000007d6d00000)
  object space 83968K, 15% used [0x0000000784800000,0x00000007854756a8,0x0000000789a00000)
 PSPermGen       total 23552K, used 23174K [0x000000077f600000, 0x0000000780d00000, 0x0000000784800000)
  object space 23552K, 98% used [0x000000077f600000,0x0000000780ca19b0,0x0000000780d00000)
}
Event: 7.537 GC heap before
{Heap before GC invocations=7 (full 0):
 PSYoungGen      total 270336K, used 267111K [0x00000007d6d00000, 0x00000007e8300000, 0x0000000800000000)
  eden space 257536K, 100% used [0x00000007d6d00000,0x00000007e6880000,0x00000007e6880000)
  from space 12800K, 74% used [0x00000007e7580000,0x00000007e7ed9f58,0x00000007e8200000)
  to   space 13312K, 0% used [0x00000007e6880000,0x00000007e6880000,0x00000007e7580000)
 ParOldGen       total 83968K, used 12757K [0x0000000784800000, 0x0000000789a00000, 0x00000007d6d00000)
  object space 83968K, 15% used [0x0000000784800000,0x00000007854756a8,0x0000000789a00000)
 PSPermGen       total 25600K, used 25556K [0x000000077f600000, 0x0000000780f00000, 0x0000000784800000)
  object space 25600K, 99% used [0x000000077f600000,0x0000000780ef50a0,0x0000000780f00000)
Event: 7.556 GC heap after
Heap after GC invocations=7 (full 0):
 PSYoungGen      total 270848K, used 13285K [0x00000007d6d00000, 0x00000007f8c00000, 0x0000000800000000)
  eden space 257536K, 0% used [0x00000007d6d00000,0x00000007d6d00000,0x00000007e6880000)
  from space 13312K, 99% used [0x00000007e6880000,0x00000007e7579730,0x00000007e7580000)
  to   space 20480K, 0% used [0x00000007f7800000,0x00000007f7800000,0x00000007f8c00000)
 ParOldGen       total 83968K, used 22611K [0x0000000784800000, 0x0000000789a00000, 0x00000007d6d00000)
  object space 83968K, 26% used [0x0000000784800000,0x0000000785e14d58,0x0000000789a00000)
 PSPermGen       total 25600K, used 25556K [0x000000077f600000, 0x0000000780f00000, 0x0000000784800000)
  object space 25600K, 99% used [0x000000077f600000,0x0000000780ef50a0,0x0000000780f00000)
}
Event: 9.407 GC heap before
{Heap before GC invocations=8 (full 0):
 PSYoungGen      total 270848K, used 270821K [0x00000007d6d00000, 0x00000007f8c00000, 0x0000000800000000)
  eden space 257536K, 100% used [0x00000007d6d00000,0x00000007e6880000,0x00000007e6880000)
  from space 13312K, 99% used [0x00000007e6880000,0x00000007e7579730,0x00000007e7580000)
  to   space 20480K, 0% used [0x00000007f7800000,0x00000007f7800000,0x00000007f8c00000)
 ParOldGen       total 83968K, used 22611K [0x0000000784800000, 0x0000000789a00000, 0x00000007d6d00000)
  object space 83968K, 26% used [0x0000000784800000,0x0000000785e14d58,0x0000000789a00000)
 PSPermGen       total 31232K, used 30917K [0x000000077f600000, 0x0000000781480000, 0x0000000784800000)
  object space 31232K, 98% used [0x000000077f600000,0x0000000781431580,0x0000000781480000)
Event: 9.423 GC heap after
Heap after GC invocations=8 (full 0):
 PSYoungGen      total 534016K, used 16770K [0x00000007d6d00000, 0x00000007f8f00000, 0x0000000800000000)
  eden space 513536K, 0% used [0x00000007d6d00000,0x00000007d6d00000,0x00000007f6280000)
  from space 20480K, 81% used [0x00000007f7800000,0x00000007f8860860,0x00000007f8c00000)
  to   space 22016K, 0% used [0x00000007f6280000,0x00000007f6280000,0x00000007f7800000)
 ParOldGen       total 83968K, used 24877K [0x0000000784800000, 0x0000000789a00000, 0x00000007d6d00000)
  object space 83968K, 29% used [0x0000000784800000,0x000000078604b760,0x0000000789a00000)
 PSPermGen       total 31232K, used 30917K [0x000000077f600000, 0x0000000781480000, 0x0000000784800000)
  object space 31232K, 98% used [0x000000077f600000,0x0000000781431580,0x0000000781480000)
}
Event: 120.846 GC heap before
{Heap before GC invocations=9 (full 0):
 PSYoungGen      total 534016K, used 530306K [0x00000007d6d00000, 0x00000007f8f00000, 0x0000000800000000)
  eden space 513536K, 100% used [0x00000007d6d00000,0x00000007f6280000,0x00000007f6280000)
  from space 20480K, 81% used [0x00000007f7800000,0x00000007f8860860,0x00000007f8c00000)
  to   space 22016K, 0% used [0x00000007f6280000,0x00000007f6280000,0x00000007f7800000)
 ParOldGen       total 83968K, used 24877K [0x0000000784800000, 0x0000000789a00000, 0x00000007d6d00000)
  object space 83968K, 29% used [0x0000000784800000,0x000000078604b760,0x0000000789a00000)
 PSPermGen       total 47616K, used 47303K [0x000000077f600000, 0x0000000782480000, 0x0000000784800000)
  object space 47616K, 99% used [0x000000077f600000,0x0000000782431e68,0x0000000782480000)
Event: 120.880 GC heap after
Heap after GC invocations=9 (full 0):
 PSYoungGen      total 511488K, used 21990K [0x00000007d6d00000, 0x00000007f8500000, 0x0000000800000000)
  eden space 489472K, 0% used [0x00000007d6d00000,0x00000007d6d00000,0x00000007f4b00000)
  from space 22016K, 99% used [0x00000007f6280000,0x00000007f77f9b20,0x00000007f7800000)
  to   space 13312K, 0% used [0x00000007f7800000,0x00000007f7800000,0x00000007f8500000)
 ParOldGen       total 83968K, used 34884K [0x0000000784800000, 0x0000000789a00000, 0x00000007d6d00000)
  object space 83968K, 41% used [0x0000000784800000,0x0000000786a112d8,0x0000000789a00000)
 PSPermGen       total 47616K, used 47303K [0x000000077f600000, 0x0000000782480000, 0x0000000784800000)
  object space 47616K, 99% used [0x000000077f600000,0x0000000782431e68,0x0000000782480000)
}
Event: 303.350 GC heap before
{Heap before GC invocations=10 (full 0):
 PSYoungGen      total 511488K, used 511462K [0x00000007d6d00000, 0x00000007f8500000, 0x0000000800000000)
  eden space 489472K, 100% used [0x00000007d6d00000,0x00000007f4b00000,0x00000007f4b00000)
  from space 22016K, 99% used [0x00000007f6280000,0x00000007f77f9b20,0x00000007f7800000)
  to   space 13312K, 0% used [0x00000007f7800000,0x00000007f7800000,0x00000007f8500000)
 ParOldGen       total 83968K, used 34884K [0x0000000784800000, 0x0000000789a00000, 0x00000007d6d00000)
  object space 83968K, 41% used [0x0000000784800000,0x0000000786a112d8,0x0000000789a00000)
 PSPermGen       total 55296K, used 54908K [0x000000077f600000, 0x0000000782c00000, 0x0000000784800000)
  object space 55296K, 99% used [0x000000077f600000,0x0000000782b9f1e0,0x0000000782c00000)
Event: 303.437 GC heap after
Heap after GC invocations=10 (full 0):
 PSYoungGen      total 480256K, used 13299K [0x00000007d6d00000, 0x00000007f8500000, 0x0000000800000000)
  eden space 466944K, 0% used [0x00000007d6d00000,0x00000007d6d00000,0x00000007f3500000)
  from space 13312K, 99% used [0x00000007f7800000,0x00000007f84fcfc8,0x00000007f8500000)
  to   space 37376K, 0% used [0x00000007f3c00000,0x00000007f3c00000,0x00000007f6080000)
 ParOldGen       total 83968K, used 59944K [0x0000000784800000, 0x0000000789a00000, 0x00000007d6d00000)
  object space 83968K, 71% used [0x0000000784800000,0x000000078828a1c8,0x0000000789a00000)
 PSPermGen       total 55296K, used 54908K [0x000000077f600000, 0x0000000782c00000, 0x0000000784800000)
  object space 55296K, 99% used [0x000000077f600000,0x0000000782b9f1e0,0x0000000782c00000)
}

