# JRE version: Java(TM) SE Runtime Environment (7.0_51-b13) (build 1.7.0_51-b13)
# Java VM: Java HotSpot(TM) 64-Bit Server VM (24.51-b03 mixed mode linux-amd64 compressed oops)
Heap
 PSYoungGen      total 136192K, used 101695K [0x00000007d6d00000, 0x00000007e0e00000, 0x0000000800000000)
  eden space 112640K, 76% used [0x00000007d6d00000,0x00000007dc0a3538,0x00000007ddb00000)
  from space 23552K, 68% used [0x00000007df380000,0x00000007e032c898,0x00000007e0a80000)
  to   space 25088K, 0% used [0x00000007ddb00000,0x00000007ddb00000,0x00000007df380000)
 ParOldGen       total 373248K, used 20789K [0x0000000784800000, 0x000000079b480000, 0x00000007d6d00000)
  object space 373248K, 5% used [0x0000000784800000,0x0000000785c4d4a0,0x000000079b480000)
 PSPermGen       total 83968K, used 83013K [0x000000077f600000, 0x0000000784800000, 0x0000000784800000)
  object space 83968K, 98% used [0x000000077f600000,0x00000007847117a0,0x0000000784800000)
GC Heap History (10 events):
Event: 237504.635 GC heap before
{Heap before GC invocations=215 (full 7):
 PSYoungGen      total 133632K, used 118505K [0x00000007d6d00000, 0x00000007e0300000, 0x0000000800000000)
  eden space 112640K, 100% used [0x00000007d6d00000,0x00000007ddb00000,0x00000007ddb00000)
  from space 20992K, 27% used [0x00000007ddb00000,0x00000007de0ba720,0x00000007def80000)
  to   space 19968K, 0% used [0x00000007def80000,0x00000007def80000,0x00000007e0300000)
 ParOldGen       total 373248K, used 20773K [0x0000000784800000, 0x000000079b480000, 0x00000007d6d00000)
  object space 373248K, 5% used [0x0000000784800000,0x0000000785c494a0,0x000000079b480000)
 PSPermGen       total 83968K, used 76015K [0x000000077f600000, 0x0000000784800000, 0x0000000784800000)
  object space 83968K, 90% used [0x000000077f600000,0x000000078403bf58,0x0000000784800000)
Event: 237504.645 GC heap after
Heap after GC invocations=215 (full 7):
 PSYoungGen      total 131584K, used 5307K [0x00000007d6d00000, 0x00000007e0100000, 0x0000000800000000)
  eden space 113664K, 0% used [0x00000007d6d00000,0x00000007d6d00000,0x00000007ddc00000)
  from space 17920K, 29% used [0x00000007def80000,0x00000007df4aed70,0x00000007e0100000)
  to   space 18944K, 0% used [0x00000007ddc00000,0x00000007ddc00000,0x00000007dee80000)
 ParOldGen       total 373248K, used 20773K [0x0000000784800000, 0x000000079b480000, 0x00000007d6d00000)
  object space 373248K, 5% used [0x0000000784800000,0x0000000785c494a0,0x000000079b480000)
 PSPermGen       total 83968K, used 76015K [0x000000077f600000, 0x0000000784800000, 0x0000000784800000)
  object space 83968K, 90% used [0x000000077f600000,0x000000078403bf58,0x0000000784800000)
}
Event: 237507.175 GC heap before
{Heap before GC invocations=216 (full 7):
 PSYoungGen      total 131584K, used 118971K [0x00000007d6d00000, 0x00000007e0100000, 0x0000000800000000)
  eden space 113664K, 100% used [0x00000007d6d00000,0x00000007ddc00000,0x00000007ddc00000)
  from space 17920K, 29% used [0x00000007def80000,0x00000007df4aed70,0x00000007e0100000)
  to   space 18944K, 0% used [0x00000007ddc00000,0x00000007ddc00000,0x00000007dee80000)
 ParOldGen       total 373248K, used 20773K [0x0000000784800000, 0x000000079b480000, 0x00000007d6d00000)
  object space 373248K, 5% used [0x0000000784800000,0x0000000785c494a0,0x000000079b480000)
 PSPermGen       total 83968K, used 76244K [0x000000077f600000, 0x0000000784800000, 0x0000000784800000)
  object space 83968K, 90% used [0x000000077f600000,0x0000000784075350,0x0000000784800000)
Event: 237507.195 GC heap after
Heap after GC invocations=216 (full 7):
 PSYoungGen      total 132608K, used 16848K [0x00000007d6d00000, 0x00000007e0700000, 0x0000000800000000)
  eden space 113664K, 0% used [0x00000007d6d00000,0x00000007d6d00000,0x00000007ddc00000)
  from space 18944K, 88% used [0x00000007ddc00000,0x00000007dec74080,0x00000007dee80000)
  to   space 21504K, 0% used [0x00000007df200000,0x00000007df200000,0x00000007e0700000)
 ParOldGen       total 373248K, used 20773K [0x0000000784800000, 0x000000079b480000, 0x00000007d6d00000)
  object space 373248K, 5% used [0x0000000784800000,0x0000000785c494a0,0x000000079b480000)
 PSPermGen       total 83968K, used 76244K [0x000000077f600000, 0x0000000784800000, 0x0000000784800000)
  object space 83968K, 90% used [0x000000077f600000,0x0000000784075350,0x0000000784800000)
}
Event: 237508.520 GC heap before
{Heap before GC invocations=217 (full 7):
 PSYoungGen      total 132608K, used 130512K [0x00000007d6d00000, 0x00000007e0700000, 0x0000000800000000)
  eden space 113664K, 100% used [0x00000007d6d00000,0x00000007ddc00000,0x00000007ddc00000)
  from space 18944K, 88% used [0x00000007ddc00000,0x00000007dec74080,0x00000007dee80000)
  to   space 21504K, 0% used [0x00000007df200000,0x00000007df200000,0x00000007e0700000)
 ParOldGen       total 373248K, used 20773K [0x0000000784800000, 0x000000079b480000, 0x00000007d6d00000)
  object space 373248K, 5% used [0x0000000784800000,0x0000000785c494a0,0x000000079b480000)
 PSPermGen       total 83968K, used 78019K [0x000000077f600000, 0x0000000784800000, 0x0000000784800000)
  object space 83968K, 92% used [0x000000077f600000,0x0000000784230dc0,0x0000000784800000)
Event: 237508.532 GC heap after
Heap after GC invocations=217 (full 7):
 PSYoungGen      total 135168K, used 13533K [0x00000007d6d00000, 0x00000007e0880000, 0x0000000800000000)
  eden space 113664K, 0% used [0x00000007d6d00000,0x00000007d6d00000,0x00000007ddc00000)
  from space 21504K, 62% used [0x00000007df200000,0x00000007dff37760,0x00000007e0700000)
  to   space 22528K, 0% used [0x00000007ddc00000,0x00000007ddc00000,0x00000007df200000)
 ParOldGen       total 373248K, used 20781K [0x0000000784800000, 0x000000079b480000, 0x00000007d6d00000)
  object space 373248K, 5% used [0x0000000784800000,0x0000000785c4b4a0,0x000000079b480000)
 PSPermGen       total 83968K, used 78019K [0x000000077f600000, 0x0000000784800000, 0x0000000784800000)
  object space 83968K, 92% used [0x000000077f600000,0x0000000784230dc0,0x0000000784800000)
}
Event: 237509.949 GC heap before
{Heap before GC invocations=218 (full 7):
 PSYoungGen      total 135168K, used 127197K [0x00000007d6d00000, 0x00000007e0880000, 0x0000000800000000)
  eden space 113664K, 100% used [0x00000007d6d00000,0x00000007ddc00000,0x00000007ddc00000)
  from space 21504K, 62% used [0x00000007df200000,0x00000007dff37760,0x00000007e0700000)
  to   space 22528K, 0% used [0x00000007ddc00000,0x00000007ddc00000,0x00000007df200000)
 ParOldGen       total 373248K, used 20781K [0x0000000784800000, 0x000000079b480000, 0x00000007d6d00000)
  object space 373248K, 5% used [0x0000000784800000,0x0000000785c4b4a0,0x000000079b480000)
 PSPermGen       total 83968K, used 82128K [0x000000077f600000, 0x0000000784800000, 0x0000000784800000)
  object space 83968K, 97% used [0x000000077f600000,0x00000007846342b0,0x0000000784800000)
Event: 237509.962 GC heap after
Heap after GC invocations=218 (full 7):
 PSYoungGen      total 136192K, used 15808K [0x00000007d6d00000, 0x00000007e0a80000, 0x0000000800000000)
  eden space 113664K, 0% used [0x00000007d6d00000,0x00000007d6d00000,0x00000007ddc00000)
  from space 22528K, 70% used [0x00000007ddc00000,0x00000007deb70310,0x00000007df200000)
  to   space 23552K, 0% used [0x00000007df380000,0x00000007df380000,0x00000007e0a80000)
 ParOldGen       total 373248K, used 20789K [0x0000000784800000, 0x000000079b480000, 0x00000007d6d00000)
  object space 373248K, 5% used [0x0000000784800000,0x0000000785c4d4a0,0x000000079b480000)
 PSPermGen       total 83968K, used 82128K [0x000000077f600000, 0x0000000784800000, 0x0000000784800000)
  object space 83968K, 97% used [0x000000077f600000,0x00000007846342b0,0x0000000784800000)
}
Event: 237511.649 GC heap before
{Heap before GC invocations=219 (full 7):
 PSYoungGen      total 136192K, used 129472K [0x00000007d6d00000, 0x00000007e0a80000, 0x0000000800000000)
  eden space 113664K, 100% used [0x00000007d6d00000,0x00000007ddc00000,0x00000007ddc00000)
  from space 22528K, 70% used [0x00000007ddc00000,0x00000007deb70310,0x00000007df200000)
  to   space 23552K, 0% used [0x00000007df380000,0x00000007df380000,0x00000007e0a80000)
 ParOldGen       total 373248K, used 20789K [0x0000000784800000, 0x000000079b480000, 0x00000007d6d00000)
  object space 373248K, 5% used [0x0000000784800000,0x0000000785c4d4a0,0x000000079b480000)
 PSPermGen       total 83968K, used 82530K [0x000000077f600000, 0x0000000784800000, 0x0000000784800000)
  object space 83968K, 98% used [0x000000077f600000,0x00000007846989a0,0x0000000784800000)
Event: 237511.690 GC heap after
Heap after GC invocations=219 (full 7):
 PSYoungGen      total 136192K, used 16050K [0x00000007d6d00000, 0x00000007e0e00000, 0x0000000800000000)
  eden space 112640K, 0% used [0x00000007d6d00000,0x00000007d6d00000,0x00000007ddb00000)
  from space 23552K, 68% used [0x00000007df380000,0x00000007e032c898,0x00000007e0a80000)
  to   space 25088K, 0% used [0x00000007ddb00000,0x00000007ddb00000,0x00000007df380000)
 ParOldGen       total 373248K, used 20789K [0x0000000784800000, 0x000000079b480000, 0x00000007d6d00000)
  object space 373248K, 5% used [0x0000000784800000,0x0000000785c4d4a0,0x000000079b480000)
 PSPermGen       total 83968K, used 82530K [0x000000077f600000, 0x0000000784800000, 0x0000000784800000)
  object space 83968K, 98% used [0x000000077f600000,0x00000007846989a0,0x0000000784800000)
}

